<?xml version="1.0" encoding="UTF-8"?>
<testsuite xmlns:xsi="http://www.w3.org/2001/XMLSchema-instance" xsi:noNamespaceSchemaLocation="https://maven.apache.org/surefire/maven-surefire-plugin/xsd/surefire-test-report-3.0.xsd" version="3.0" name="com.appsdeveloperblog.ws.mockservice.MockserviceApplicationTests" time="3.535" tests="1" errors="0" skipped="0" failures="0">
  <properties>
[...]
</properties>
  <testcase name="contextLoads" classname="com.appsdeveloperblog.ws.mockservice.MockserviceApplicationTests" time="1.055">
    <system-out><![CDATA[21:00:33.588 [main] INFO org.springframework.test.context.support.AnnotationConfigContextLoaderUtils -- Could not detect default configuration classes for test class [com.appsdeveloperblog.ws.mockservice.MockserviceApplicationTests]: MockserviceApplicationTests does not declare any static, non-private, non-final, nested classes annotated with @Configuration.
21:00:33.729 [main] INFO org.springframework.boot.test.context.SpringBootTestContextBootstrapper -- Found @SpringBootConfiguration com.appsdeveloperblog.ws.mockservice.MockserviceApplication for test class com.appsdeveloperblog.ws.mockservice.MockserviceApplicationTests

  .   ____          _            __ _ _
 /\\ / ___'_ __ _ _(_)_ __  __ _ \ \ \ \
( ( )\___ | '_ | '_| | '_ \/ _` | \ \ \ \
 \\/  ___)| |_)| | | | | || (_| |  ) ) ) )
  '  |____| .__|_| |_|_| |_\__, | / / / /
 =========|_|==============|___/=/_/_/_/
 :: Spring Boot ::                (v3.1.4)

2025-01-21T21:00:34.299+05:30  INFO 32368 --- [           main] c.a.w.m.MockserviceApplicationTests      : Starting MockserviceApplicationTests using Java 17.0.13 with PID 32368 (started by FLEX 5 in C:\Users\FLEX 5\Documents\kafka\ScratchProject\mockservice)
2025-01-21T21:00:34.301+05:30  INFO 32368 --- [           main] c.a.w.m.MockserviceApplicationTests      : No active profile set, falling back to 1 default profile: "default"
2025-01-21T21:00:35.832+05:30  INFO 32368 --- [           main] c.a.w.m.MockserviceApplicationTests      : Started MockserviceApplicationTests in 1.884 seconds (process running for 3.184)
]]></system-out>
  </testcase>
</testsuite>